<?xml version="1.0" encoding="UTF-8"?>
<!-- Generated by org.testng.reporters.JUnitReportReporter -->
<testsuite skipped="0" hostname="RB-PC" name="testcases.Login_Test_CRM" tests="1" failures="0" timestamp="06 May 2021 06:25:17 GMT" time="20.708" errors="0">
  <testcase name="loginApp" time="20.708" classname="testcases.Login_Test_CRM"/>
</testsuite> <!-- testcases.Login_Test_CRM -->
